<?xml version="1.0" encoding="UTF-8"?>
<testsuite name="LabKtTest" tests="1" skipped="0" failures="0" errors="0" timestamp="2020-10-17T09:26:44" hostname="AISU-1-330-6" time="0.079">
  <properties/>
  <testcase name="testÐ¡heckCombination()" classname="LabKtTest" time="0.079"/>
  <system-out><![CDATA[]]></system-out>
  <system-err><![CDATA[]]></system-err>
</testsuite>
